2023-04-16 10:52:43,199 INFO org.springframework.boot.StartupInfoLogger [restartedMain] Starting LoggingApplication using Java 19.0.1 on LAPTOP-Q89V9P41 with PID 7656 (C:\Users\mirko\OneDrive\Desktop\develhope\Java-ex\logging\target\classes started by mirko in C:\Users\mirko\OneDrive\Desktop\develhope\Java-ex\logging)
2023-04-16 10:52:43,228 DEBUG org.springframework.boot.StartupInfoLogger [restartedMain] Running with Spring Boot v2.6.5, Spring v5.3.17
2023-04-16 10:52:43,231 INFO org.springframework.boot.SpringApplication [restartedMain] No active profile set, falling back to 1 default profile: "default"
2023-04-16 10:52:43,752 INFO org.springframework.boot.logging.DeferredLog [restartedMain] Devtools property defaults active! Set 'spring.devtools.add-properties' to 'false' to disable
2023-04-16 10:52:43,755 INFO org.springframework.boot.logging.DeferredLog [restartedMain] For additional web related logging consider setting the 'logging.level.web' property to 'DEBUG'
2023-04-16 10:52:49,404 INFO org.springframework.boot.web.embedded.tomcat.TomcatWebServer [restartedMain] Tomcat initialized with port(s): 8080 (http)
2023-04-16 10:52:49,476 INFO org.apache.juli.logging.DirectJDKLog [restartedMain] Initializing ProtocolHandler ["http-nio-8080"]
2023-04-16 10:52:49,479 INFO org.apache.juli.logging.DirectJDKLog [restartedMain] Starting service [Tomcat]
2023-04-16 10:52:49,481 INFO org.apache.juli.logging.DirectJDKLog [restartedMain] Starting Servlet engine: [Apache Tomcat/9.0.60]
2023-04-16 10:52:49,873 INFO org.apache.juli.logging.DirectJDKLog [restartedMain] Initializing Spring embedded WebApplicationContext
2023-04-16 10:52:49,874 INFO org.springframework.boot.web.servlet.context.ServletWebServerApplicationContext [restartedMain] Root WebApplicationContext: initialization completed in 6116 ms
2023-04-16 10:52:51,759 INFO org.springframework.boot.devtools.autoconfigure.OptionalLiveReloadServer [restartedMain] LiveReload server is running on port 35729
2023-04-16 10:52:51,821 INFO org.apache.juli.logging.DirectJDKLog [restartedMain] Starting ProtocolHandler ["http-nio-8080"]
2023-04-16 10:52:51,958 INFO org.springframework.boot.web.embedded.tomcat.TomcatWebServer [restartedMain] Tomcat started on port(s): 8080 (http) with context path ''
2023-04-16 10:52:52,024 INFO org.springframework.boot.StartupInfoLogger [restartedMain] Started LoggingApplication in 12.024 seconds (JVM running for 15.445)
2023-04-16 10:54:11,288 INFO org.apache.juli.logging.DirectJDKLog [http-nio-8080-exec-2] Initializing Spring DispatcherServlet 'dispatcherServlet'
2023-04-16 10:54:11,290 INFO org.springframework.web.servlet.FrameworkServlet [http-nio-8080-exec-2] Initializing Servlet 'dispatcherServlet'
2023-04-16 10:54:11,295 INFO org.springframework.web.servlet.FrameworkServlet [http-nio-8080-exec-2] Completed initialization in 4 ms
2023-04-16 10:54:11,461 INFO co.develhope.logging.controllers.BasicController [http-nio-8080-exec-2] starting calculation
2023-04-16 10:54:11,462 INFO co.develhope.logging.controllers.BasicController [http-nio-8080-exec-2] ending calculation
